<?xml version="1.0" encoding="UTF-8"?>
<testng-results ignored="0" total="2" passed="2" failed="0" skipped="0">
  <reporter-output>
  </reporter-output>
  <suite started-at="2026-05-26T14:34:15 EEST" name="Surefire suite" finished-at="2026-05-26T14:34:19 EEST" duration-ms="3880">
    <groups>
      <group name="cucumber">
        <method signature="AbstractTestNGCucumberTests.runScenario(io.cucumber.testng.PickleWrapper,io.cucumber.testng.FeatureWrapper)[pri:0, instance:com.qacart.todo.steps.runners.RunnerTest@48e4374]" name="runScenario" class="io.cucumber.testng.AbstractTestNGCucumberTests"/>
      </group> <!-- cucumber -->
    </groups>
    <test started-at="2026-05-26T14:34:15 EEST" name="Surefire test" finished-at="2026-05-26T14:34:19 EEST" duration-ms="3880">
      <class name="com.qacart.todo.steps.runners.RunnerTest">
        <test-method is-config="true" signature="setUpClass(org.testng.ITestContext)[pri:0, instance:com.qacart.todo.steps.runners.RunnerTest@48e4374]" started-at="2026-05-26T14:34:15 EEST" name="setUpClass" finished-at="2026-05-26T14:34:15 EEST" duration-ms="128" status="PASS">
          <params>
            <param index="0">
              <value>
                <![CDATA[org.testng.TestRunner@1890516e]]>
              </value>
            </param>
          </params>
          <reporter-output>
          </reporter-output>
        </test-method> <!-- setUpClass -->
        <test-method signature="runScenario(io.cucumber.testng.PickleWrapper,io.cucumber.testng.FeatureWrapper)[pri:0, instance:com.qacart.todo.steps.runners.RunnerTest@48e4374]" started-at="2026-05-26T14:34:15 EEST" name="runScenario" description="Runs Cucumber Scenarios" data-provider="scenarios" finished-at="2026-05-26T14:34:19 EEST" duration-ms="3727" status="PASS">
          <params>
            <param index="0">
              <value>
                <![CDATA["Todo Task Addition"]]>
              </value>
            </param>
            <param index="1">
              <value>
                <![CDATA["Todo Feature"]]>
              </value>
            </param>
          </params>
          <reporter-output>
          </reporter-output>
        </test-method> <!-- runScenario -->
        <test-method signature="runScenario(io.cucumber.testng.PickleWrapper,io.cucumber.testng.FeatureWrapper)[pri:0, instance:com.qacart.todo.steps.runners.RunnerTest@48e4374]" started-at="2026-05-26T14:34:15 EEST" name="runScenario" description="Runs Cucumber Scenarios" data-provider="scenarios" finished-at="2026-05-26T14:34:18 EEST" duration-ms="2936" status="PASS">
          <params>
            <param index="0">
              <value>
                <![CDATA["Login Functionality"]]>
              </value>
            </param>
            <param index="1">
              <value>
                <![CDATA["User Feature"]]>
              </value>
            </param>
          </params>
          <reporter-output>
          </reporter-output>
        </test-method> <!-- runScenario -->
        <test-method is-config="true" signature="tearDownClass()[pri:0, instance:com.qacart.todo.steps.runners.RunnerTest@48e4374]" started-at="2026-05-26T14:34:19 EEST" name="tearDownClass" finished-at="2026-05-26T14:34:19 EEST" duration-ms="2" status="PASS">
          <reporter-output>
          </reporter-output>
        </test-method> <!-- tearDownClass -->
      </class> <!-- com.qacart.todo.steps.runners.RunnerTest -->
    </test> <!-- Surefire test -->
  </suite> <!-- Surefire suite -->
</testng-results>
