<?xml version="1.0" encoding="UTF-8"?>
<!-- Generated by org.testng.reporters.JUnitReportReporter -->
<testsuite hostname="AG-94" failures="0" tests="2" name="com.qacart.todo.steps.runners.RunnerTest" time="6.663" errors="0" timestamp="2026-05-26T14:34:19 EEST" skipped="0">
  <testcase classname="com.qacart.todo.steps.runners.RunnerTest" name="runScenario" time="3.727"/>
  <testcase classname="com.qacart.todo.steps.runners.RunnerTest" name="runScenario" time="2.936"/>
</testsuite> <!-- com.qacart.todo.steps.runners.RunnerTest -->
